[0mGET / [32m200 [0m170.869 ms - 1192[0m
[0mGET /stylesheets/style.css [36m304 [0m5.520 ms - -[0m
[0mGET / [36m304 [0m26.389 ms - -[0m
[0mGET /stylesheets/style.css [36m304 [0m1.267 ms - -[0m
[0mGET /logout [36m302 [0m17.838 ms - 46[0m
[0mGET / [32m200 [0m34.830 ms - 1174[0m
[0mGET /stylesheets/style.css [36m304 [0m1.029 ms - -[0m
[0mGET / [32m200 [0m20.470 ms - 1116[0m
[0mGET /stylesheets/style.css [36m304 [0m0.763 ms - -[0m
[0mGET /login [32m200 [0m7.597 ms - 1274[0m
[0mGET /stylesheets/style.css [36m304 [0m1.222 ms - -[0m
[0mGET /reg [32m200 [0m8.257 ms - 1490[0m
[0mGET /stylesheets/style.css [36m304 [0m1.419 ms - -[0m
[0mPOST /reg [36m302 [0m437.270 ms - 46[0m
[0mGET / [32m200 [0m62.165 ms - 1172[0m
[0mGET /stylesheets/style.css [36m304 [0m5.049 ms - -[0m
[0mGET /reg [32m200 [0m9.848 ms - 1490[0m
[0mGET /stylesheets/style.css [36m304 [0m1.436 ms - -[0m
[0mPOST /reg [36m302 [0m58.520 ms - 46[0m
[0mGET / [36m304 [0m62.673 ms - -[0m
[0mGET /stylesheets/style.css [36m304 [0m3.099 ms - -[0m
[0mGET / [32m200 [0m22.011 ms - 1116[0m
[0mGET /stylesheets/style.css [36m304 [0m1.331 ms - -[0m
[0mGET /reg [32m200 [0m9.388 ms - 1490[0m
[0mGET /stylesheets/style.css [36m304 [0m0.549 ms - -[0m
[0mPOST /reg [36m302 [0m150021.755 ms - 46[0m
[0mGET / [36m304 [0m69.790 ms - -[0m
[0mGET /stylesheets/style.css [36m304 [0m5.975 ms - -[0m
[0mGET /reg [32m200 [0m13.201 ms - 1490[0m
[0mGET /stylesheets/style.css [36m304 [0m1.408 ms - -[0m
[0mPOST /reg [36m302 [0m17326.274 ms - 46[0m
[0mGET / [32m200 [0m152.867 ms - 1116[0m
[0mGET /stylesheets/style.css [36m304 [0m3.705 ms - -[0m
[0mGET /reg [32m200 [0m15.300 ms - 1490[0m
[0mGET /stylesheets/style.css [36m304 [0m1.501 ms - -[0m
[0mGET / [32m200 [0m64.863 ms - 1116[0m
[0mGET /stylesheets/style.css [36m304 [0m4.603 ms - -[0m
[0mGET /reg [36m304 [0m13.121 ms - -[0m
[0mGET /stylesheets/style.css [36m304 [0m2.314 ms - -[0m
[0mPOST /reg [36m302 [0m18134.697 ms - 46[0m
[0mGET / [36m304 [0m121.482 ms - -[0m
[0mGET /stylesheets/style.css [36m304 [0m3.775 ms - -[0m
[0mGET /reg [32m200 [0m11.305 ms - 1490[0m
[0mGET /stylesheets/style.css [36m304 [0m1.109 ms - -[0m
[0mPOST /reg [36m302 [0m62465.375 ms - 46[0m
[0mGET / [0m- [0m- ms - -[0m
[0mGET / [32m200 [0m60.672 ms - 1116[0m
[0mGET /stylesheets/style.css [32m200 [0m540.318 ms - 2332[0m
[0mGET /reg [32m200 [0m11.659 ms - 1490[0m
[0mGET /stylesheets/style.css [36m304 [0m1.859 ms - -[0m
[0mPOST /reg [36m302 [0m10357.710 ms - 52[0m
[0mGET /reg [32m200 [0m11.728 ms - 1490[0m
[0mGET /stylesheets/style.css [36m304 [0m0.874 ms - -[0m
[0mPOST /reg [36m302 [0m118247.704 ms - 46[0m
[0mGET / [0m- [0m- ms - -[0m
[0mGET / [32m200 [0m32.293 ms - 1172[0m
[0mGET /stylesheets/style.css [36m304 [0m1.573 ms - -[0m
[0mGET / [32m200 [0m24.197 ms - 1116[0m
[0mGET /stylesheets/style.css [36m304 [0m1.407 ms - -[0m
[0mGET / [36m304 [0m57.779 ms - -[0m
[0mGET /stylesheets/style.css [36m304 [0m5.393 ms - -[0m
[0mGET /reg [32m200 [0m11.820 ms - 1490[0m
[0mGET /stylesheets/style.css [36m304 [0m1.200 ms - -[0m
[0mPOST /reg [36m302 [0m62.116 ms - 46[0m
[0mGET / [36m304 [0m60.704 ms - -[0m
[0mGET /stylesheets/style.css [36m304 [0m5.527 ms - -[0m
[0mGET /reg [32m200 [0m10.839 ms - 1490[0m
[0mGET /stylesheets/style.css [36m304 [0m2.000 ms - -[0m
[0mPOST /reg [36m302 [0m59.288 ms - 46[0m
[0mGET / [32m200 [0m30.878 ms - 1172[0m
[0mGET /stylesheets/style.css [36m304 [0m0.829 ms - -[0m
[0mGET / [32m200 [0m19.637 ms - 1116[0m
[0mGET /stylesheets/style.css [36m304 [0m1.143 ms - -[0m
[0mGET /login [36m304 [0m11.389 ms - -[0m
[0mGET /stylesheets/style.css [36m304 [0m0.742 ms - -[0m
[0mPOST /login [36m302 [0m17.914 ms - 46[0m
[0mGET / [32m200 [0m20.202 ms - 1250[0m
[0mGET /stylesheets/style.css [36m304 [0m0.760 ms - -[0m
[0mGET / [32m200 [0m72.099 ms - 1116[0m
[0mGET /stylesheets/style.css [36m304 [0m11.963 ms - -[0m
[0mGET /reg [32m200 [0m12.999 ms - 1490[0m
[0mGET /stylesheets/style.css [36m304 [0m2.266 ms - -[0m
[0mPOST /reg [36m302 [0m88.143 ms - 46[0m
[0mGET / [32m200 [0m31.393 ms - 1248[0m
[0mGET /stylesheets/style.css [36m304 [0m0.810 ms - -[0m
[0mGET /post [32m200 [0m8.311 ms - 1556[0m
[0mGET /stylesheets/style.css [36m304 [0m0.696 ms - -[0m
[0mPOST /post [36m302 [0m71.862 ms - 46[0m
[0mGET / [32m200 [0m30.486 ms - 2446[0m
[0mGET /stylesheets/style.css [36m304 [0m0.764 ms - -[0m
[0mGET /req,req,function()%7B%20%20%20%20%20%20%20count++;%20%20%20%20%20%20%20executeFunc(funcs,count,sum,req,res);%20%20%20%20%7D [32m200 [0m5.633 ms - 224[0m
[0mGET /logout [36m302 [0m7.078 ms - 46[0m
[0mGET / [32m200 [0m23.349 ms - 2370[0m
[0mGET /stylesheets/style.css [36m304 [0m0.743 ms - -[0m
[0mGET / [32m200 [0m28.601 ms - 2312[0m
[0mGET /stylesheets/style.css [36m304 [0m1.369 ms - -[0m
[0mGET /reg [32m200 [0m5.929 ms - 1490[0m
[0mGET /stylesheets/style.css [36m304 [0m0.879 ms - -[0m
[0mPOST /reg [36m302 [0m25.417 ms - 46[0m
[0mGET / [32m200 [0m30.598 ms - 2444[0m
[0mGET /stylesheets/style.css [36m304 [0m1.956 ms - -[0m
[0mGET /u/sunyan/2016-10-18/%E5%8D%95%E7%82%B9%E7%99%BB%E5%BD%95 [32m200 [0m111.150 ms - 2597[0m
[0mGET /stylesheets/style.css [36m304 [0m0.673 ms - -[0m
[0mGET / [32m200 [0m65.780 ms - 3690[0m
[0mGET /stylesheets/style.css [36m304 [0m4.668 ms - -[0m
[0mGET /post [32m200 [0m13.167 ms - 1556[0m
[0mGET /stylesheets/style.css [36m304 [0m1.548 ms - -[0m
[0mPOST /post [36m302 [0m70.636 ms - 46[0m
[0mGET / [32m200 [0m23.800 ms - 5041[0m
[0mGET /stylesheets/style.css [36m304 [0m2.384 ms - -[0m
[0mGET / [32m200 [0m24.556 ms - 4983[0m
[0mGET /stylesheets/style.css [36m304 [0m0.691 ms - -[0m
[0mGET /logout [36m302 [0m17.418 ms - 46[0m
[0mGET / [32m200 [0m50.320 ms - 4965[0m
[0mGET /stylesheets/style.css [36m304 [0m2.112 ms - -[0m
[0mGET /login [32m200 [0m8.809 ms - 1274[0m
[0mGET /stylesheets/style.css [36m304 [0m1.393 ms - -[0m
[0mPOST /login [36m302 [0m93.879 ms - 46[0m
[0mGET / [32m200 [0m25.353 ms - 5041[0m
[0mGET /stylesheets/style.css [36m304 [0m1.264 ms - -[0m
[0mGET /u/wjw/2016-10-18/%E6%B9%96%E4%BA%BA97%E6%AF%94101%E6%8E%98%E9%87%91 [32m200 [0m23.182 ms - 2708[0m
[0mGET /stylesheets/style.css [36m304 [0m1.713 ms - -[0m
[0mGET /reprint/wjw/2016-10-18/%E6%B9%96%E4%BA%BA97%E6%AF%94101%E6%8E%98%E9%87%91 [0m- [0m- ms - -[0m
[0mGET /reprint/wjw/2016-10-18/%E6%B9%96%E4%BA%BA97%E6%AF%94101%E6%8E%98%E9%87%91 [0m- [0m- ms - -[0m
[0mGET / [32m200 [0m93.997 ms - 5365[0m
[0mGET /stylesheets/style.css [36m304 [0m6.221 ms - -[0m
[0mGET / [32m200 [0m35.868 ms - 5307[0m
[0mGET /stylesheets/style.css [36m304 [0m1.154 ms - -[0m
[0mGET / [36m304 [0m38.607 ms - -[0m
[0mGET /stylesheets/style.css [36m304 [0m1.497 ms - -[0m
[0mGET /archive [32m200 [0m23.491 ms - 2334[0m
[0mGET /stylesheets/style.css [36m304 [0m1.226 ms - -[0m
[0mGET /u/sunyan/2016-10-18/[%E8%BD%AC%E8%BD%BD]%E6%B9%96%E4%BA%BA97%E6%AF%94101%E6%8E%98%E9%87%91 [32m200 [0m38.537 ms - 2837[0m
[0mGET /stylesheets/style.css [36m304 [0m1.028 ms - -[0m
[0mGET / [32m200 [0m29.404 ms - 5307[0m
[0mGET /stylesheets/style.css [36m304 [0m1.198 ms - -[0m
[0mGET /post [32m200 [0m7.160 ms - 1556[0m
[0mGET /stylesheets/style.css [36m304 [0m1.173 ms - -[0m
[0mGET /u/sunyan/2016-10-18/[%E8%BD%AC%E8%BD%BD]%E6%B9%96%E4%BA%BA97%E6%AF%94101%E6%8E%98%E9%87%91 [32m200 [0m37.564 ms - 2837[0m
[0mGET /stylesheets/style.css [36m304 [0m2.006 ms - -[0m
[0mGET /archive [36m304 [0m25.063 ms - -[0m
[0mGET /stylesheets/style.css [36m304 [0m3.748 ms - -[0m
[0mGET /u/sunyan/2016-10-18/[%E8%BD%AC%E8%BD%BD]%E6%B9%96%E4%BA%BA97%E6%AF%94101%E6%8E%98%E9%87%91 [32m200 [0m23.649 ms - 2837[0m
[0mGET /stylesheets/style.css [36m304 [0m0.739 ms - -[0m
[0mGET /remove/sunyan/2016-10-18/[%E8%BD%AC%E8%BD%BD]%E6%B9%96%E4%BA%BA97%E6%AF%94101%E6%8E%98%E9%87%91 [36m302 [0m104.090 ms - 46[0m
[0mGET / [32m200 [0m39.745 ms - 5041[0m
[0mGET /stylesheets/style.css [36m304 [0m2.226 ms - -[0m
[0mGET / [32m200 [0m34.301 ms - 4983[0m
[0mGET /stylesheets/style.css [36m304 [0m0.975 ms - -[0m
[0mGET /archive [32m200 [0m20.048 ms - 2049[0m
[0mGET /stylesheets/style.css [36m304 [0m0.650 ms - -[0m
[0mGET / [36m304 [0m30.155 ms - -[0m
[0mGET /stylesheets/style.css [36m304 [0m5.603 ms - -[0m
[0mGET /u/wjw/2016-10-18/%E6%B9%96%E4%BA%BA97%E6%AF%94101%E6%8E%98%E9%87%91 [32m200 [0m26.526 ms - 2732[0m
[0mGET /stylesheets/style.css [36m304 [0m0.958 ms - -[0m
[0mGET /reprint/wjw/2016-10-18/%E6%B9%96%E4%BA%BA97%E6%AF%94101%E6%8E%98%E9%87%91 [36m302 [0m58.190 ms - 234[0m
[0mGET /u/sunyan/2016-10-18/%5B%E8%BD%AC%E8%BD%BD%5D%E6%B9%96%E4%BA%BA97%E6%AF%94101%E6%8E%98%E9%87%91 [32m200 [0m28.722 ms - 2895[0m
[0mGET /stylesheets/style.css [36m304 [0m0.697 ms - -[0m
[0mGET / [32m200 [0m25.252 ms - 5307[0m
[0mGET /stylesheets/style.css [36m304 [0m0.616 ms - -[0m
[0mGET /logout [36m302 [0m4.099 ms - 46[0m
[0mGET / [32m200 [0m44.933 ms - 5289[0m
[0mGET /stylesheets/style.css [36m304 [0m0.674 ms - -[0m
[0mGET /reg [32m200 [0m7.100 ms - 1490[0m
[0mGET /stylesheets/style.css [36m304 [0m1.014 ms - -[0m
[0mPOST /reg [36m302 [0m67.571 ms - 46[0m
[0mGET / [32m200 [0m20.876 ms - 5363[0m
[0mGET /stylesheets/style.css [36m304 [0m2.026 ms - -[0m
[0mGET / [32m200 [0m25.674 ms - 5307[0m
[0mGET /stylesheets/style.css [36m304 [0m0.839 ms - -[0m
[0mGET /u/sunyan/2016-10-18/[%E8%BD%AC%E8%BD%BD]%E6%B9%96%E4%BA%BA97%E6%AF%94101%E6%8E%98%E9%87%91 [32m200 [0m18.901 ms - 2733[0m
[0mGET /stylesheets/style.css [36m304 [0m1.213 ms - -[0m
[0mGET /reprint/sunyan/2016-10-18/[%E8%BD%AC%E8%BD%BD]%E6%B9%96%E4%BA%BA97%E6%AF%94101%E6%8E%98%E9%87%91 [36m302 [0m35.272 ms - 228[0m
[0mGET /u/qwe/2016-10-18/%5B%E8%BD%AC%E8%BD%BD%5D%E6%B9%96%E4%BA%BA97%E6%AF%94101%E6%8E%98%E9%87%91 [32m200 [0m190.659 ms - 2869[0m
[0mGET /stylesheets/style.css [36m304 [0m1.242 ms - -[0m
[0mGET / [32m200 [0m28.973 ms - 5432[0m
[0mGET /stylesheets/style.css [36m304 [0m0.594 ms - -[0m
[0mGET /u/qwe/2016-10-18/[%E8%BD%AC%E8%BD%BD]%E6%B9%96%E4%BA%BA97%E6%AF%94101%E6%8E%98%E9%87%91 [32m200 [0m43.366 ms - 2811[0m
[0mGET /stylesheets/style.css [36m304 [0m0.995 ms - -[0m
[0mGET / [32m200 [0m23.680 ms - 5432[0m
[0mGET /stylesheets/style.css [36m304 [0m0.730 ms - -[0m
[0mGET /u/sunyan/2016-10-18/[%E8%BD%AC%E8%BD%BD]%E6%B9%96%E4%BA%BA97%E6%AF%94101%E6%8E%98%E9%87%91 [32m200 [0m24.836 ms - 2729[0m
[0mGET /stylesheets/style.css [36m304 [0m2.986 ms - -[0m
[0mGET /u/wjw/2016-10-18/%E6%B9%96%E4%BA%BA97%E6%AF%94101%E6%8E%98%E9%87%91 [32m200 [0m21.397 ms - 2771[0m
[0mGET /stylesheets/style.css [36m304 [0m1.039 ms - -[0m
[0mGET /u/wjw/2016-10-18/%E6%B9%96%E4%BA%BA97%E6%AF%94101%E6%8E%98%E9%87%91 [32m200 [0m18.697 ms - 2771[0m
[0mGET /stylesheets/style.css [36m304 [0m0.906 ms - -[0m
[0mGET /u/qwe [32m200 [0m60.806 ms - 2562[0m
[0mGET /stylesheets/style.css [36m304 [0m0.716 ms - -[0m
[0mGET /u/qwe [32m200 [0m95.562 ms - 2710[0m
[0mGET /stylesheets/style.css [36m304 [0m4.556 ms - -[0m
[0mGET / [32m200 [0m29.901 ms - 5432[0m
[0mGET /stylesheets/style.css [36m304 [0m2.025 ms - -[0m
[0mGET /u/qwe/2016-10-18/[%E8%BD%AC%E8%BD%BD]%E6%B9%96%E4%BA%BA97%E6%AF%94101%E6%8E%98%E9%87%91 [32m200 [0m44.271 ms - 2808[0m
[0mGET /stylesheets/style.css [36m304 [0m1.098 ms - -[0m
[0mGET /u/qwe/2016-10-18/[%E8%BD%AC%E8%BD%BD]%E6%B9%96%E4%BA%BA97%E6%AF%94101%E6%8E%98%E9%87%91 [32m200 [0m34.211 ms - 2808[0m
[0mGET /stylesheets/style.css [36m304 [0m0.752 ms - -[0m
[0mGET / [32m200 [0m77.299 ms - 5432[0m
[0mGET /stylesheets/style.css [36m304 [0m5.703 ms - -[0m
[0mGET /u/qwe/2016-10-18/[%E8%BD%AC%E8%BD%BD]%E6%B9%96%E4%BA%BA97%E6%AF%94101%E6%8E%98%E9%87%91 [32m200 [0m31.052 ms - 2922[0m
[0mGET /stylesheets/style.css [36m304 [0m1.196 ms - -[0m
[0mGET /u/sunyan/2016-10-18/[%E8%BD%AC%E8%BD%BD]%E6%B9%96%E4%BA%BA97%E6%AF%94101%E6%8E%98%E9%87%91 [32m200 [0m38.674 ms - 2829[0m
[0mGET /stylesheets/style.css [36m304 [0m1.135 ms - -[0m
[0mGET /u/wjw/2016-10-18/%E6%B9%96%E4%BA%BA97%E6%AF%94101%E6%8E%98%E9%87%91 [32m200 [0m24.982 ms - 2774[0m
[0mGET /stylesheets/style.css [36m304 [0m2.206 ms - -[0m
[0mGET /logout [36m302 [0m16.491 ms - 46[0m
[0mGET / [32m200 [0m33.052 ms - 5414[0m
[0mGET /stylesheets/style.css [36m304 [0m0.954 ms - -[0m
[0mGET /login [32m200 [0m9.059 ms - 1274[0m
[0mGET /stylesheets/style.css [36m304 [0m1.387 ms - -[0m
[0mPOST /login [36m302 [0m63.114 ms - 46[0m
[0mGET / [32m200 [0m23.920 ms - 5490[0m
[0mGET /stylesheets/style.css [36m304 [0m0.773 ms - -[0m
[0mGET /u/sunyan/2016-10-18/[%E8%BD%AC%E8%BD%BD]%E6%B9%96%E4%BA%BA97%E6%AF%94101%E6%8E%98%E9%87%91 [32m200 [0m29.176 ms - 2937[0m
[0mGET /stylesheets/style.css [36m304 [0m0.790 ms - -[0m
[0mGET / [32m200 [0m33.207 ms - 5432[0m
[0mGET /stylesheets/style.css [36m304 [0m6.665 ms - -[0m
[0mGET /u/qwe/2016-10-18/[%E8%BD%AC%E8%BD%BD]%E6%B9%96%E4%BA%BA97%E6%AF%94101%E6%8E%98%E9%87%91 [32m200 [0m22.443 ms - 2752[0m
[0mGET /stylesheets/style.css [36m304 [0m0.792 ms - -[0m
[0mGET /u/sunyan/2016-10-18/[%E8%BD%AC%E8%BD%BD]%E6%B9%96%E4%BA%BA97%E6%AF%94101%E6%8E%98%E9%87%91 [32m200 [0m47.656 ms - 2937[0m
[0mGET /stylesheets/style.css [36m304 [0m0.747 ms - -[0m
[0mGET / [32m200 [0m89.882 ms - 5364[0m
[0mGET /stylesheets/style.css [36m304 [0m4.532 ms - -[0m
[0mGET / [32m200 [0m32.692 ms - 5306[0m
[0mGET /stylesheets/style.css [36m304 [0m1.112 ms - -[0m
[0mGET /u/sunyan/2016-10-18/[%E8%BD%AC%E8%BD%BD]%E6%B9%96%E4%BA%BA97%E6%AF%94101%E6%8E%98%E9%87%91 [31m500 [0m42.920 ms - 1582[0m
[0mGET / [36m304 [0m27.158 ms - -[0m
[0mGET /stylesheets/style.css [36m304 [0m1.953 ms - -[0m
[0mGET /u/qwe [32m200 [0m45.009 ms - 2710[0m
[0mGET /stylesheets/style.css [36m304 [0m0.943 ms - -[0m
[0mGET / [36m304 [0m26.756 ms - -[0m
[0mGET /stylesheets/style.css [36m304 [0m0.892 ms - -[0m
[0mGET /stylesheets/style.css [32m200 [0m57.914 ms - 2332[0m
[0mGET / [32m200 [0m189.011 ms - 5230[0m
[0mGET /?p=2 [32m200 [0m53.128 ms - 2403[0m
[0mGET /stylesheets/style.css [36m304 [0m1.951 ms - -[0m
[0mGET / [36m304 [0m351.531 ms - -[0m
[0mGET /stylesheets/style.css [36m304 [0m4.835 ms - -[0m
[0mGET / [36m304 [0m68.810 ms - -[0m
[0mGET /stylesheets/style.css [36m304 [0m6.176 ms - -[0m
[0mGET / [0m- [0m- ms - -[0m
[0mGET /stylesheets/style.css [32m200 [0m72.966 ms - 2332[0m
[0mGET / [32m200 [0m771.921 ms - 5230[0m
[0mGET / [36m304 [0m383.737 ms - -[0m
[0mGET /stylesheets/style.css [36m304 [0m2.388 ms - -[0m
[0mGET /login [32m200 [0m347.234 ms - 1274[0m
[0mGET /stylesheets/style.css [36m304 [0m0.955 ms - -[0m
[0mGET / [36m304 [0m319.697 ms - -[0m
[0mPOST /login [36m302 [0m1416.600 ms - 46[0m
[0mGET /stylesheets/style.css [36m304 [0m4.784 ms - -[0m
[0mGET /stylesheets/style.css [36m304 [0m0.752 ms - -[0m
[0mGET / [32m200 [0m315.126 ms - 5364[0m
[0mGET /logout [36m302 [0m354.155 ms - 46[0m
[0mGET /stylesheets/style.css [36m304 [0m0.729 ms - -[0m
[0mGET / [32m200 [0m379.370 ms - 5288[0m
[0mGET / [32m200 [0m368.963 ms - 5230[0m
[0mGET /stylesheets/style.css [36m304 [0m1.642 ms - -[0m
[0mGET / [36m304 [0m417.475 ms - -[0m
[0mGET /stylesheets/style.css [32m200 [0m9.324 ms - 2348[0m
[0mGET /stylesheets/style.css [36m304 [0m2.300 ms - -[0m
[0mGET / [36m304 [0m428.822 ms - -[0m
[0mGET /stylesheets/style.css [32m200 [0m20.721 ms - 2370[0m
[0mGET / [0m- [0m- ms - -[0m
[0mGET / [32m200 [0m382.296 ms - 5230[0m
[0mGET /stylesheets/style.css [32m200 [0m7.486 ms - 2498[0m
[0mGET /stylesheets/style.css [36m304 [0m2.105 ms - -[0m
[0mGET / [36m304 [0m369.471 ms - -[0m
[0mGET /stylesheets/style.css [32m200 [0m14.267 ms - 2538[0m
[0mGET / [36m304 [0m382.077 ms - -[0m
[0mGET /stylesheets/style.css [32m200 [0m9.240 ms - 2554[0m
[0mGET / [36m304 [0m705.786 ms - -[0m
[0mGET /stylesheets/style.css [32m200 [0m10.388 ms - 2560[0m
[0mGET / [36m304 [0m1508.251 ms - -[0m
[0mGET /stylesheets/style.css [32m200 [0m10.531 ms - 2538[0m
[0mGET / [36m304 [0m992.906 ms - -[0m
[0mGET /stylesheets/style.css [32m200 [0m20.691 ms - 2555[0m
[0mGET / [36m304 [0m384.741 ms - -[0m
[0mGET /stylesheets/style.css [32m200 [0m9.000 ms - 2557[0m
[0mGET / [36m304 [0m380.173 ms - -[0m
[0mGET /stylesheets/style.css [32m200 [0m11.291 ms - 2567[0m
[0mGET / [36m304 [0m383.502 ms - -[0m
[0mGET /stylesheets/style.css [32m200 [0m21.411 ms - 2567[0m
[0mGET /reg [32m200 [0m300.736 ms - 1490[0m
[0mGET /stylesheets/style.css [36m304 [0m1.360 ms - -[0m
[0mGET /reg [36m304 [0m731.213 ms - -[0m
[0mGET /stylesheets/style.css [32m200 [0m24.497 ms - 2569[0m
[0mGET / [36m304 [0m932.985 ms - -[0m
[0mGET /stylesheets/style.css [36m304 [0m2.122 ms - -[0m
[0mGET / [36m304 [0m2186.215 ms - -[0m
[0mGET /stylesheets/style.css [32m200 [0m13.951 ms - 2584[0m
[0mGET / [36m304 [0m564.356 ms - -[0m
[0mGET /stylesheets/style.css [32m200 [0m11.730 ms - 2588[0m
[0mGET / [36m304 [0m4017.978 ms - -[0m
[0mGET /stylesheets/style.css [32m200 [0m23.692 ms - 2572[0m
[0mGET / [36m304 [0m1416.194 ms - -[0m
[0mGET /stylesheets/style.css [32m200 [0m10.609 ms - 2572[0m
[0mGET / [36m304 [0m1334.550 ms - -[0m
[0mGET /stylesheets/style.css [32m200 [0m9.631 ms - 2572[0m
[0mGET /stylesheets/style.css [36m304 [0m1.876 ms - -[0m
[0mGET / [36m304 [0m2343.442 ms - -[0m
[0mGET /stylesheets/style.css [32m200 [0m15.464 ms - 2574[0m
[0mGET / [36m304 [0m2305.796 ms - -[0m
[0mGET /stylesheets/style.css [32m200 [0m9.790 ms - 2574[0m
[0mGET /login [32m200 [0m312.829 ms - 1274[0m
[0mGET /stylesheets/style.css [36m304 [0m2.632 ms - -[0m
[0mPOST /login [36m302 [0m1183.102 ms - 46[0m
[0mGET /stylesheets/style.css [36m304 [0m1.304 ms - -[0m
[0mGET / [32m200 [0m704.222 ms - 5364[0m
[0mGET / [32m200 [0m328.772 ms - 5306[0m
[0mGET /stylesheets/style.css [36m304 [0m1.121 ms - -[0m
[0mGET /u/qwe [32m200 [0m366.755 ms - 2710[0m
[0mGET /stylesheets/style.css [36m304 [0m0.899 ms - -[0m
[0mGET / [36m304 [0m334.552 ms - -[0m
[0mGET /stylesheets/style.css [36m304 [0m1.030 ms - -[0m
[0mGET /archive [32m200 [0m339.789 ms - 2325[0m
[0mGET /stylesheets/style.css [36m304 [0m1.166 ms - -[0m
[0mGET /logout [36m302 [0m383.751 ms - 46[0m
[0mGET /stylesheets/style.css [36m304 [0m1.880 ms - -[0m
[0mGET / [32m200 [0m416.769 ms - 5288[0m
[0mGET /reg [36m304 [0m355.671 ms - -[0m
[0mGET /stylesheets/style.css [36m304 [0m1.643 ms - -[0m
[0mPOST /reg [36m302 [0m15807.805 ms - 46[0m
[0mGET /stylesheets/style.css [36m304 [0m0.989 ms - -[0m
[0mGET / [31m500 [0m145.737 ms - 1532[0m
[0mGET / [31m500 [0m23.625 ms - 1532[0m
[0mGET / [31m500 [0m3.294 ms - 1532[0m
[0mGET /stylesheets/style.css [36m304 [0m4.637 ms - -[0m
[0mGET / [32m200 [0m1280.444 ms - 1208[0m
[0mGET /reg [32m200 [0m471.060 ms - 1490[0m
[0mGET /stylesheets/style.css [36m304 [0m1.364 ms - -[0m
[0mPOST /reg [0m- [0m- ms - -[0m
[0mGET /stylesheets/style.css [36m304 [0m2.917 ms - -[0m
[0mGET /reg [32m200 [0m10514.820 ms - 1548[0m
[0mGET /stylesheets/style.css [36m304 [0m1.398 ms - -[0m
[0mGET /stylesheets/style.css [32m200 [0m12.101 ms - 2437[0m
[0mGET / [32m200 [0m1398.562 ms - 1166[0m
[0mGET /reg [32m200 [0m27401.112 ms - 1442[0m
[0mGET /reg [36m304 [0m1485.161 ms - -[0m
[0mGET /stylesheets/style.css [36m304 [0m3.182 ms - -[0m
[0mGET /reg [36m304 [0m391.196 ms - -[0m
[0mGET /stylesheets/style.css [36m304 [0m3.084 ms - -[0m
[0mPOST /reg [36m302 [0m113387.831 ms - 46[0m
[0mGET /stylesheets/style.css [36m304 [0m2.967 ms - -[0m
[0mGET / [32m200 [0m1674.062 ms - 1222[0m
[0mGET / [32m200 [0m1607.823 ms - 1166[0m
[0mGET /stylesheets/style.css [36m304 [0m4.287 ms - -[0m
[0mGET /reg [32m200 [0m368.042 ms - 1442[0m
[0mGET /stylesheets/style.css [36m304 [0m5.952 ms - -[0m
[0mPOST /reg [36m302 [0m1076088.835 ms - 46[0m
[0mGET /stylesheets/style.css [36m304 [0m1.262 ms - -[0m
[0mGET / [32m200 [0m1708.307 ms - 1222[0m
[0mGET /reg [32m200 [0m400.156 ms - 1442[0m
[0mGET /stylesheets/style.css [36m304 [0m6.337 ms - -[0m
[0mPOST /reg [31m500 [0m14249.393 ms - 1942[0m
[0mPOST /reg [31m500 [0m16558.516 ms - 1942[0m
[0mPOST /reg [31m500 [0m10007.235 ms - 1942[0m
[0mGET / [31m500 [0m336.243 ms - 2021[0m
[0mGET / [32m200 [0m1671.078 ms - 1166[0m
[0mGET /stylesheets/style.css [36m304 [0m7.736 ms - -[0m
[0mGET /reg [36m304 [0m364.414 ms - -[0m
[0mGET /stylesheets/style.css [36m304 [0m0.993 ms - -[0m
[0mPOST /reg [36m302 [0m19320.246 ms - 46[0m
[0mGET /stylesheets/style.css [36m304 [0m1.762 ms - -[0m
[0mGET / [32m200 [0m1625.253 ms - 1222[0m
[0mGET / [32m200 [0m1408.134 ms - 1166[0m
[0mGET /stylesheets/style.css [36m304 [0m2.605 ms - -[0m
[0mGET /reg [32m200 [0m336.111 ms - 1442[0m
[0mGET /stylesheets/style.css [36m304 [0m0.966 ms - -[0m
[0mPOST /reg [36m302 [0m1336.885 ms - 46[0m
[0mGET /stylesheets/style.css [36m304 [0m0.699 ms - -[0m
[0mGET / [32m200 [0m1361.156 ms - 1222[0m
[0mGET / [32m200 [0m1358.040 ms - 1166[0m
[0mGET /stylesheets/style.css [36m304 [0m3.374 ms - -[0m
[0mGET /login [32m200 [0m330.608 ms - 1232[0m
[0mGET /stylesheets/style.css [36m304 [0m2.652 ms - -[0m
[0mPOST /login [36m302 [0m1299.410 ms - 56[0m
[0mGET /stylesheets/style.css [36m304 [0m0.944 ms - -[0m
[0mGET /login [32m200 [0m304.341 ms - 1288[0m
[0mGET /reg [32m200 [0m263.036 ms - 1442[0m
[0mGET /stylesheets/style.css [36m304 [0m0.923 ms - -[0m
[0mPOST /reg [36m302 [0m1283.304 ms - 46[0m
[0mGET /stylesheets/style.css [36m304 [0m0.396 ms - -[0m
[0mGET / [32m200 [0m1217.208 ms - 1222[0m
[0mGET /stylesheets/style.css [36m304 [0m0.879 ms - -[0m
[0mGET /reg [32m200 [0m263.684 ms - 1442[0m
[0mGET /stylesheets/style.css [36m304 [0m0.551 ms - -[0m
[0mPOST /reg [36m302 [0m1335.514 ms - 46[0m
[0mGET / [36m304 [0m1289.012 ms - -[0m
[0mGET /stylesheets/style.css [36m304 [0m0.566 ms - -[0m
[0mGET /reg [32m200 [0m402.933 ms - 1442[0m
[0mGET /stylesheets/style.css [36m304 [0m2.601 ms - -[0m
[0mPOST /reg [36m302 [0m16085.107 ms - 46[0m
[0mGET / [36m304 [0m1290.941 ms - -[0m
[0mGET /stylesheets/style.css [36m304 [0m2.535 ms - -[0m
[0mGET /reg [32m200 [0m335.726 ms - 1442[0m
[0mGET /stylesheets/style.css [36m304 [0m5.036 ms - -[0m
[0mPOST /reg [36m302 [0m93436.150 ms - 46[0m
[0mGET / [36m304 [0m1342.057 ms - -[0m
[0mGET /stylesheets/style.css [36m304 [0m1.134 ms - -[0m
[0mGET /reg [32m200 [0m400.439 ms - 1442[0m
[0mGET /stylesheets/style.css [36m304 [0m3.823 ms - -[0m
[0mPOST /reg [36m302 [0m123781.178 ms - 46[0m
[0mGET / [36m304 [0m7257.781 ms - -[0m
[0mGET /stylesheets/style.css [36m304 [0m3.782 ms - -[0m
[0mGET /reg [32m200 [0m335.846 ms - 1442[0m
[0mGET /stylesheets/style.css [36m304 [0m0.480 ms - -[0m
[0mGET / [32m200 [0m1611.193 ms - 1166[0m
[0mGET /stylesheets/style.css [36m304 [0m8.324 ms - -[0m
[0mGET /reg [36m304 [0m355.311 ms - -[0m
[0mGET /stylesheets/style.css [36m304 [0m3.190 ms - -[0m
[0mGET /reg [36m304 [0m384.585 ms - -[0m
[0mGET /stylesheets/style.css [36m304 [0m4.250 ms - -[0m
[0mGET /reg [36m304 [0m413.500 ms - -[0m
[0mGET /stylesheets/style.css [36m304 [0m2.270 ms - -[0m
[0mGET /reg [36m304 [0m349.921 ms - -[0m
[0mGET /stylesheets/style.css [36m304 [0m0.439 ms - -[0m
[0mPOST /reg [36m302 [0m34683.138 ms - 46[0m
[0mGET /stylesheets/style.css [36m304 [0m3.574 ms - -[0m
[0mGET / [32m200 [0m1546.723 ms - 1222[0m
[0mGET /reg [32m200 [0m375.035 ms - 1442[0m
[0mGET /stylesheets/style.css [36m304 [0m3.804 ms - -[0m
[0mGET /reg [36m304 [0m380.747 ms - -[0m
[0mGET /stylesheets/style.css [36m304 [0m3.936 ms - -[0m
[0mPOST /reg [31m500 [0m17129.427 ms - 1921[0m
[0mGET /reg [36m304 [0m379.241 ms - -[0m
[0mGET /stylesheets/style.css [36m304 [0m8.034 ms - -[0m
[0mGET /login [32m200 [0m343.110 ms - 1232[0m
[0mGET /stylesheets/style.css [36m304 [0m0.679 ms - -[0m
[0mGET /reg [36m304 [0m347.725 ms - -[0m
[0mGET /stylesheets/style.css [36m304 [0m0.628 ms - -[0m
[0mGET /reg [36m304 [0m404.536 ms - -[0m
[0mGET /stylesheets/style.css [36m304 [0m2.455 ms - -[0m
[0mGET /reg [36m304 [0m390.715 ms - -[0m
[0mGET /stylesheets/style.css [36m304 [0m3.014 ms - -[0m
[0mGET /reg [36m304 [0m332.339 ms - -[0m
[0mGET /stylesheets/style.css [36m304 [0m3.010 ms - -[0m
[0mPOST /reg [36m302 [0m94435.341 ms - 46[0m
[0mGET / [31m500 [0m266.488 ms - 2021[0m
[0mGET /stylesheets/style.css [36m304 [0m8.076 ms - -[0m
[0mGET / [32m200 [0m4299.061 ms - 1205[0m
[0mGET / [0m- [0m- ms - -[0m
[0mGET / [32m200 [0m3679.635 ms - 1151[0m
[0mGET /stylesheets/style.css [36m304 [0m1.249 ms - -[0m
[0mGET /logout [36m302 [0m248.401 ms - 46[0m
[0mGET /stylesheets/style.css [36m304 [0m0.517 ms - -[0m
[0mGET / [32m200 [0m4159.085 ms - 1132[0m
[0mGET /login [36m304 [0m267.076 ms - -[0m
[0mGET /stylesheets/style.css [36m304 [0m1.790 ms - -[0m
[0mPOST /login [36m302 [0m3311.229 ms - 46[0m
[0mGET /stylesheets/style.css [36m304 [0m1.649 ms - -[0m
[0mGET / [32m200 [0m3877.050 ms - 1207[0m
[0mGET / [32m200 [0m3719.456 ms - 1151[0m
[0mGET /stylesheets/style.css [36m304 [0m0.510 ms - -[0m
